0 info it worked if it ends with ok
1 verbose cli [ 'C:\\Program Files\\nodejs\\\\node.exe',
1 verbose cli   'C:\\Program Files\\nodejs\\node_modules\\npm\\bin\\npm-cli.js',
1 verbose cli   'install',
1 verbose cli   'express',
1 verbose cli   '--save' ]
2 info using npm@2.5.1
3 info using node@v0.12.0
4 verbose node symlink C:\Program Files\nodejs\\node.exe
5 silly cache add args [ 'express', null ]
6 verbose cache add spec express
7 silly cache add parsed spec { raw: 'express',
7 silly cache add   scope: null,
7 silly cache add   name: 'express',
7 silly cache add   rawSpec: '',
7 silly cache add   spec: '*',
7 silly cache add   type: 'range' }
8 verbose addNamed express@*
9 silly addNamed semver.valid null
10 silly addNamed semver.validRange *
11 silly addNameRange { name: 'express', range: '*', hasData: false }
12 silly mapToRegistry name express
13 silly mapToRegistry using default registry
14 silly mapToRegistry registry https://registry.npmjs.org/
15 silly mapToRegistry uri https://registry.npmjs.org/express
16 verbose addNameRange registry:https://registry.npmjs.org/express not in flight; fetching
17 verbose request uri https://registry.npmjs.org/express
18 verbose request no auth needed
19 info attempt registry request try #1 at 10:25:49 AM
20 verbose request id 41245d2406cb86a0
21 http request GET https://registry.npmjs.org/express
22 info retry will retry, error on last attempt: Error: connect EACCES
23 info attempt registry request try #2 at 10:25:59 AM
24 http request GET https://registry.npmjs.org/express
25 info retry will retry, error on last attempt: Error: connect EACCES
26 info attempt registry request try #3 at 10:26:59 AM
27 http request GET https://registry.npmjs.org/express
28 verbose stack Error: connect EACCES
28 verbose stack     at exports._errnoException (util.js:746:11)
28 verbose stack     at TCPConnectWrap.afterConnect [as oncomplete] (net.js:983:19)
29 verbose cwd C:\Users\Work\Desktop\LAHacks\homelesshacking\public
30 error Windows_NT 6.3.9600
31 error argv "C:\\Program Files\\nodejs\\\\node.exe" "C:\\Program Files\\nodejs\\node_modules\\npm\\bin\\npm-cli.js" "install" "express" "--save"
32 error node v0.12.0
33 error npm  v2.5.1
34 error code EACCES
35 error errno EACCES
36 error syscall connect
37 error Error: connect EACCES
37 error     at exports._errnoException (util.js:746:11)
37 error     at TCPConnectWrap.afterConnect [as oncomplete] (net.js:983:19)
37 error  { [Error: connect EACCES] code: 'EACCES', errno: 'EACCES', syscall: 'connect' }
38 error Please try running this command again as root/Administrator.
39 verbose exit [ 1, true ]
